[12Dec2024 00:02:04.437] [Server thread/INFO] [net.minecraft.server.MinecraftServer/]: PamelaG was burnt to a crisp whilst fighting Fire Dragon
[12Dec2024 00:02:04.450] [Server thread/INFO] [tombstone/]: The player PamelaG has successfully been saved
[12Dec2024 00:02:15.237] [Server thread/INFO] [net.minecraft.server.MinecraftServer/]: LastFist was burnt to a crisp whilst fighting Fire Dragon
[12Dec2024 00:02:15.296] [Server thread/INFO] [tombstone/]: The player LastFist has successfully been saved
[12Dec2024 00:02:32.720] [Server thread/INFO] [net.minecraft.server.MinecraftServer/]: PamelaG was incinerated by Fire Dragon
[12Dec2024 00:02:32.749] [Server thread/INFO] [tombstone/]: The player PamelaG has successfully been saved
[12Dec2024 00:03:42.299] [Server thread/INFO] [net.minecraft.server.MinecraftServer/]: LastFist has made the advancement [Voluntary Exile]
[12Dec2024 00:04:09.289] [Server thread/INFO] [net.minecraft.server.MinecraftServer/]: PamelaG has made the advancement [Acquire Hardware]
[12Dec2024 00:05:02.815] [Server thread/INFO] [net.minecraft.server.MinecraftServer/]: PamelaG has made the advancement [Mine? Mine? Mine?]
[12Dec2024 00:06:04.020] [Server thread/INFO] [net.minecraft.server.MinecraftServer/]: LastFist has made the advancement [Mine? Mine? Mine?]
[12Dec2024 00:06:32.586] [Server thread/INFO] [net.minecraft.server.MinecraftServer/]: LastFist has made the advancement [Wingin' It]
[12Dec2024 00:08:37.232] [Server thread/INFO] [net.minecraft.server.MinecraftServer/]: [Not Secure] <1N_> bro
[12Dec2024 00:08:39.033] [Server thread/INFO] [net.minecraft.server.MinecraftServer/]: [Not Secure] <1N_> papel tenemos
[12Dec2024 00:08:42.295] [Server thread/INFO] [net.minecraft.server.MinecraftServer/]: [Not Secure] <1N_> donde estan
[12Dec2024 00:08:45.985] [Server thread/INFO] [net.minecraft.server.MinecraftServer/]: [Not Secure] <LastFist> acabo de matar a 3 dragones
[12Dec2024 00:08:55.836] [Server thread/INFO] [net.minecraft.server.MinecraftServer/]: [Not Secure] <1N_> dios
[12Dec2024 00:14:26.240] [Server thread/INFO] [net.minecraft.server.MinecraftServer/]: [Not Secure] <1N_> on tas
[12Dec2024 00:14:28.632] [Server thread/INFO] [net.minecraft.server.MinecraftServer/]: [Not Secure] <LastFist> voy
[12Dec2024 00:16:33.636] [Server thread/INFO] [net.minecraft.server.MinecraftServer/]: [LastFist: Teleported LastFist to 1N_]
[12Dec2024 00:16:45.232] [Server thread/INFO] [net.minecraft.server.MinecraftServer/]: [LastFist: Teleported PamelaG to LastFist]
[12Dec2024 00:17:16.391] [Server thread/INFO] [net.minecraft.server.MinecraftServer/]: PamelaG has made the advancement [Voluntary Exile]
[12Dec2024 00:17:53.562] [Server thread/INFO] [net.minecraft.server.MinecraftServer/]: 1N_ has made the advancement [Voluntary Exile]
[12Dec2024 00:22:09.206] [Server thread/INFO] [net.minecraft.server.MinecraftServer/]: PamelaG has completed the challenge [Hero of the Village]
[12Dec2024 00:22:09.206] [Server thread/INFO] [net.minecraft.server.MinecraftServer/]: 1N_ has completed the challenge [Hero of the Village]
[12Dec2024 00:22:09.206] [Server thread/INFO] [net.minecraft.server.MinecraftServer/]: LastFist has completed the challenge [Hero of the Village]
[12Dec2024 00:25:26.568] [Server thread/INFO] [net.minecraft.world.entity.npc.Villager/]: Villager Villager['Villager'/4439, l='ServerLevel[world]', x=-2587.75, y=17.00, z=-464.55] died, message: 'Villager was slain by Sucker'
[12Dec2024 00:25:35.975] [Server thread/INFO] [net.minecraft.server.MinecraftServer/]: 1N_ has reached the goal [Fortuitous Militia]
[12Dec2024 00:27:25.674] [Server thread/INFO] [net.minecraft.server.MinecraftServer/]: PamelaG was doomed to fall by Vindicator
[12Dec2024 00:27:25.681] [Server thread/INFO] [tombstone/]: The player PamelaG has successfully been saved
[12Dec2024 00:28:48.876] [Server thread/INFO] [net.minecraft.server.MinecraftServer/]: PamelaG has made the advancement [Cover Me with Diamonds]
[12Dec2024 00:51:34.565] [Server thread/INFO] [net.minecraft.server.MinecraftServer/]: LastFist has made the advancement [We Need to Go Deeper]
[12Dec2024 00:51:34.566] [Server thread/INFO] [net.minecraft.server.MinecraftServer/]: LastFist has made the advancement [Incendium]
[12Dec2024 00:51:38.536] [Server thread/WARN] [net.minecraft.server.MinecraftServer/]: Can't keep up! Is the server overloaded? Running 10934ms or 218 ticks behind
[12Dec2024 00:51:39.253] [Server thread/INFO] [net.minecraft.server.MinecraftServer/]: LastFist has made the advancement [Strange Biomes]
[12Dec2024 00:51:40.640] [Server thread/INFO] [net.minecraft.server.MinecraftServer/]: PamelaG has made the advancement [We Need to Go Deeper]
[12Dec2024 00:51:40.641] [Server thread/INFO] [net.minecraft.server.MinecraftServer/]: PamelaG has made the advancement [Incendium]
[12Dec2024 00:51:45.203] [Server thread/WARN] [net.minecraft.server.network.ServerGamePacketListenerImpl/]: LastFist moved too quickly! 3.9023139603918935,0.41999998688697815,9.231557437874635
[12Dec2024 00:51:45.687] [Server thread/INFO] [net.minecraft.server.MinecraftServer/]: PamelaG has made the advancement [Strange Biomes]
[12Dec2024 00:53:08.239] [Server thread/INFO] [net.minecraft.server.MinecraftServer/]: [LastFist: Applied enchantment Unbreaking III to LastFist's item]
[12Dec2024 00:53:18.948] [Server thread/WARN] [net.minecraft.server.level.ServerPlayerGameMode/]: Mismatch in destroy block pos: BlockPos{x=-175, y=104, z=-292} BlockPos{x=-175, y=103, z=-291}
[12Dec2024 00:55:58.345] [Server thread/INFO] [net.minecraft.server.MinecraftServer/]: PamelaG burned to death
[12Dec2024 00:55:58.374] [Server thread/INFO] [tombstone/]: The player PamelaG has successfully been saved
[12Dec2024 00:57:25.646] [Server thread/INFO] [net.minecraft.server.MinecraftServer/]: LastFist has reached the goal [Pocket Edition Alpha]
[12Dec2024 00:59:17.531] [Server thread/INFO] [net.minecraft.server.MinecraftServer/]: LastFist has made the advancement [Straddle My Ol' Saddle]
[12Dec2024 01:00:00.586] [Server thread/INFO] [net.minecraft.server.MinecraftServer/]: PamelaG has made the advancement [Straddle My Ol' Saddle]
[12Dec2024 01:03:02.984] [Server thread/INFO] [net.minecraft.server.MinecraftServer/]: LastFist burned to death
[12Dec2024 01:03:03.000] [Server thread/INFO] [tombstone/]: The player LastFist has successfully been saved
[12Dec2024 01:03:54.533] [Server thread/INFO] [net.minecraft.server.MinecraftServer/]: [Not Secure] <1N_> oe
[12Dec2024 01:03:55.384] [Server thread/INFO] [net.minecraft.server.MinecraftServer/]: [Not Secure] <1N_> pt
[12Dec2024 01:03:58.634] [Server thread/INFO] [net.minecraft.server.MinecraftServer/]: [Not Secure] <LastFist> que
[12Dec2024 01:04:00.136] [Server thread/INFO] [net.minecraft.server.MinecraftServer/]: [Not Secure] <1N_> ayudame a conseguir encantamientos
[12Dec2024 01:04:06.897] [Server thread/INFO] [net.minecraft.server.MinecraftServer/]: [Not Secure] <LastFist> dejame hago lo del nther
[12Dec2024 01:04:10.786] [Server thread/INFO] [net.minecraft.server.MinecraftServer/]: [Not Secure] <1N_> q cosa
[12Dec2024 01:04:14.686] [Server thread/INFO] [net.minecraft.server.MinecraftServer/]: [Not Secure] <LastFist> el portal
[12Dec2024 01:04:16.136] [Server thread/INFO] [net.minecraft.server.MinecraftServer/]: [Not Secure] <LastFist> a la base
[12Dec2024 01:05:37.121] [Server thread/INFO] [net.minecraft.server.MinecraftServer/]: [LastFist: Teleported LastFist to 1N_]
[12Dec2024 01:05:42.823] [Server thread/INFO] [net.minecraft.server.MinecraftServer/]: [LastFist: Teleported PamelaG to LastFist]
[12Dec2024 01:17:05.840] [Server thread/INFO] [net.minecraft.server.MinecraftServer/]: PamelaG has made the advancement [The Lighthouse]
[12Dec2024 01:17:30.806] [Server thread/INFO] [net.minecraft.world.entity.npc.Villager/]: Villager Villager['Villager'/107110, l='ServerLevel[world]', x=-805.18, y=-256.00, z=-177.14] died, message: 'Villager was killed'
[12Dec2024 01:19:29.733] [Server thread/WARN] [net.minecraft.server.MinecraftServer/]: Can't keep up! Is the server overloaded? Running 7280ms or 145 ticks behind
[12Dec2024 01:20:59.894] [Server thread/INFO] [net.minecraft.server.MinecraftServer/]: PamelaG has made the advancement [Not Today, Thank You]
[12Dec2024 01:23:51.691] [Worker-Main-2/ERROR] [net.minecraft.world.entity.decoration.HangingEntity/]: Hanging entity at invalid position: BlockPos{x=-192, y=-54, z=-74}
[12Dec2024 01:23:51.692] [Worker-Main-2/ERROR] [net.minecraft.world.entity.decoration.HangingEntity/]: Hanging entity at invalid position: BlockPos{x=-192, y=-50, z=-77}
[12Dec2024 01:23:51.692] [Worker-Main-2/ERROR] [net.minecraft.world.entity.decoration.HangingEntity/]: Hanging entity at invalid position: BlockPos{x=-187, y=-50, z=-72}
[12Dec2024 01:23:51.693] [Worker-Main-2/ERROR] [net.minecraft.world.entity.decoration.HangingEntity/]: Hanging entity at invalid position: BlockPos{x=-184, y=-45, z=-75}
[12Dec2024 01:23:51.694] [Worker-Main-2/ERROR] [net.minecraft.world.entity.decoration.HangingEntity/]: Hanging entity at invalid position: BlockPos{x=-182, y=-45, z=-75}
[12Dec2024 01:23:51.907] [Worker-Main-3/ERROR] [net.minecraft.world.entity.decoration.HangingEntity/]: Hanging entity at invalid position: BlockPos{x=-177, y=-55, z=-77}
[12Dec2024 01:23:51.908] [Worker-Main-3/ERROR] [net.minecraft.world.entity.decoration.HangingEntity/]: Hanging entity at invalid position: BlockPos{x=-181, y=-50, z=-73}
[12Dec2024 01:23:51.908] [Worker-Main-3/ERROR] [net.minecraft.world.entity.decoration.HangingEntity/]: Hanging entity at invalid position: BlockPos{x=-172, y=-54, z=-70}
[12Dec2024 01:23:53.355] [Worker-Main-2/ERROR] [net.minecraft.world.entity.decoration.HangingEntity/]: Hanging entity at invalid position: BlockPos{x=-195, y=-54, z=-92}
[12Dec2024 01:23:53.355] [Worker-Main-2/ERROR] [net.minecraft.world.entity.decoration.HangingEntity/]: Hanging entity at invalid position: BlockPos{x=-192, y=-54, z=-88}
[12Dec2024 01:23:53.356] [Worker-Main-2/ERROR] [net.minecraft.world.entity.decoration.HangingEntity/]: Hanging entity at invalid position: BlockPos{x=-192, y=-50, z=-85}
[12Dec2024 01:23:53.356] [Worker-Main-2/ERROR] [net.minecraft.world.entity.decoration.HangingEntity/]: Hanging entity at invalid position: BlockPos{x=-183, y=-51, z=-89}
[12Dec2024 01:23:53.356] [Worker-Main-2/ERROR] [net.minecraft.world.entity.decoration.HangingEntity/]: Hanging entity at invalid position: BlockPos{x=-186, y=-50, z=-90}
[12Dec2024 01:23:53.356] [Worker-Main-2/ERROR] [net.minecraft.world.entity.decoration.HangingEntity/]: Hanging entity at invalid position: BlockPos{x=-186, y=-45, z=-87}
[12Dec2024 01:23:53.357] [Worker-Main-2/ERROR] [net.minecraft.world.entity.decoration.HangingEntity/]: Hanging entity at invalid position: BlockPos{x=-189, y=-45, z=-84}
[12Dec2024 01:23:53.382] [Worker-Main-2/ERROR] [net.minecraft.world.entity.decoration.HangingEntity/]: Hanging entity at invalid position: BlockPos{x=-178, y=-45, z=-85}
[12Dec2024 01:23:53.382] [Worker-Main-2/ERROR] [net.minecraft.world.entity.decoration.HangingEntity/]: Hanging entity at invalid position: BlockPos{x=-178, y=-41, z=-89}
[12Dec2024 01:23:53.382] [Worker-Main-2/ERROR] [net.minecraft.world.entity.decoration.HangingEntity/]: Hanging entity at invalid position: BlockPos{x=-172, y=-54, z=-92}
[12Dec2024 01:23:53.382] [Worker-Main-2/ERROR] [net.minecraft.world.entity.decoration.HangingEntity/]: Hanging entity at invalid position: BlockPos{x=-172, y=-54, z=-93}
[12Dec2024 01:23:53.383] [Worker-Main-2/ERROR] [net.minecraft.world.entity.decoration.HangingEntity/]: Hanging entity at invalid position: BlockPos{x=-175, y=-41, z=-90}
[12Dec2024 01:30:07.946] [Server thread/INFO] [net.minecraft.server.MinecraftServer/]: [Not Secure] <PamelaG> Diego ya salio poder v que le pases las cosas a Dani
[12Dec2024 01:32:07.855] [Server thread/INFO] [net.minecraft.server.MinecraftServer/]: Gave 24 [Emerald] to LastFist
[12Dec2024 01:32:16.552] [Server thread/INFO] [net.minecraft.server.MinecraftServer/]: Gave 1 [Book] to LastFist
[12Dec2024 01:32:20.591] [Server thread/INFO] [net.minecraft.server.MinecraftServer/]: LastFist has made the advancement [What a Deal!]
[12Dec2024 01:33:01.086] [Server thread/INFO] [net.minecraft.server.MinecraftServer/]: [LastFist: Gave 1 [Bow] to LastFist]
[12Dec2024 01:35:33.349] [Server thread/INFO] [net.minecraft.server.MinecraftServer/]: [LastFist: Gave 1 [Backpack] to LastFist]
[12Dec2024 01:36:52.846] [Server thread/INFO] [net.minecraft.server.MinecraftServer/]: [LastFist: Gave 12 [Diamond] to LastFist]
[12Dec2024 01:37:45.939] [Server thread/INFO] [net.minecraft.server.MinecraftServer/]: PamelaG was slain by Zombie
[12Dec2024 01:37:45.965] [Server thread/INFO] [tombstone/]: The player PamelaG has successfully been saved
[12Dec2024 01:40:45.659] [Server thread/WARN] [net.minecraft.world.level.entity.PersistentEntitySectionManager/]: UUID of added entity already exists: FallingBlockEntity['Falling Hanging Coconut'/127191, l='ServerLevel[world]', x=-2447.50, y=80.00, z=-345.50]
[12Dec2024 01:41:18.460] [Server thread/WARN] [net.minecraft.world.level.entity.PersistentEntitySectionManager/]: UUID of added entity already exists: FallingBlockEntity['Falling Hanging Coconut'/127503, l='ServerLevel[world]', x=-2505.50, y=71.00, z=-303.50]
[12Dec2024 01:41:21.353] [Server thread/WARN] [net.minecraft.world.level.entity.PersistentEntitySectionManager/]: UUID of added entity already exists: FallingBlockEntity['Falling Hanging Coconut'/127527, l='ServerLevel[world]', x=-2490.50, y=75.00, z=-285.50]
[12Dec2024 01:41:40.360] [Server thread/WARN] [net.minecraft.world.level.entity.PersistentEntitySectionManager/]: UUID of added entity already exists: FallingBlockEntity['Falling Hanging Coconut'/127717, l='ServerLevel[world]', x=-2446.50, y=80.00, z=-347.50]
[12Dec2024 01:41:45.809] [Server thread/WARN] [net.minecraft.world.level.entity.PersistentEntitySectionManager/]: UUID of added entity already exists: FallingBlockEntity['Falling Hanging Coconut'/127771, l='ServerLevel[world]', x=-2460.50, y=75.00, z=-339.50]
[12Dec2024 01:42:18.012] [Server thread/WARN] [net.minecraft.world.level.entity.PersistentEntitySectionManager/]: UUID of added entity already exists: FallingBlockEntity['Falling Hanging Coconut'/128157, l='ServerLevel[world]', x=-2459.50, y=75.00, z=-341.50]
[12Dec2024 01:42:40.451] [Server thread/INFO] [net.minecraft.server.MinecraftServer/]: [LastFist: Teleported LastFist to 1N_]
[12Dec2024 01:44:58.247] [Server thread/INFO] [net.minecraft.server.MinecraftServer/]: 1N_ has made the advancement [Mutual Aid]
[12Dec2024 01:47:24.942] [Server thread/INFO] [net.minecraft.server.MinecraftServer/]: LastFist has made the advancement [Night Night]
[12Dec2024 01:48:10.941] [Server thread/INFO] [net.minecraft.server.MinecraftServer/]: [Not Secure] <1N_> hay q conseguir algo q nos de experiencia
[12Dec2024 01:48:13.802] [Server thread/INFO] [net.minecraft.server.MinecraftServer/]: [LastFist: Gave 128 [Torch] to LastFist]
[12Dec2024 01:48:15.544] [Server thread/INFO] [net.minecraft.server.MinecraftServer/]: [Not Secure] <LastFist> sizas
[12Dec2024 01:48:33.340] [Server thread/INFO] [net.minecraft.server.MinecraftServer/]: [Not Secure] <1N_> y comida
[12Dec2024 01:50:54.711] [Server thread/WARN] [net.minecraft.server.MinecraftServer/]: Can't keep up! Is the server overloaded? Running 2009ms or 40 ticks behind
[12Dec2024 01:51:13.137] [Server thread/WARN] [net.minecraft.server.MinecraftServer/]: Can't keep up! Is the server overloaded? Running 3434ms or 68 ticks behind
[12Dec2024 01:51:31.688] [Server thread/WARN] [net.minecraft.server.MinecraftServer/]: Can't keep up! Is the server overloaded? Running 3586ms or 71 ticks behind
[12Dec2024 01:51:48.845] [Server thread/WARN] [net.minecraft.server.MinecraftServer/]: Can't keep up! Is the server overloaded? Running 2192ms or 43 ticks behind
[12Dec2024 01:52:29.964] [Server thread/WARN] [net.minecraft.world.level.entity.PersistentEntitySectionManager/]: UUID of added entity already exists: FallingBlockEntity['Falling Hanging Coconut'/138152, l='ServerLevel[world]', x=-2458.50, y=75.00, z=-340.50]
[12Dec2024 01:52:29.966] [Server thread/WARN] [net.minecraft.world.level.entity.PersistentEntitySectionManager/]: UUID of added entity already exists: FallingBlockEntity['Falling Hanging Coconut'/138153, l='ServerLevel[world]', x=-2492.50, y=75.00, z=-283.50]
[12Dec2024 01:52:31.170] [Server thread/WARN] [net.minecraft.world.level.entity.PersistentEntitySectionManager/]: UUID of added entity already exists: FallingBlockEntity['Falling Hanging Coconut'/138167, l='ServerLevel[world]', x=-2446.50, y=80.00, z=-346.50]
[12Dec2024 01:52:35.377] [Server thread/INFO] [net.minecraft.server.MinecraftServer/]: [LastFist: Teleported PamelaG to LastFist]
[12Dec2024 01:52:45.935] [Server thread/INFO] [net.minecraft.server.MinecraftServer/]: [LastFist: Applied enchantment Unbreaking III to LastFist's item]
[12Dec2024 01:52:48.857] [Server thread/WARN] [net.minecraft.world.level.entity.PersistentEntitySectionManager/]: UUID of added entity already exists: FallingBlockEntity['Falling Hanging Coconut'/138339, l='ServerLevel[world]', x=-2487.50, y=75.00, z=-275.50]
[12Dec2024 01:52:53.057] [Server thread/WARN] [net.minecraft.world.level.entity.PersistentEntitySectionManager/]: UUID of added entity already exists: FallingBlockEntity['Falling Hanging Coconut'/138360, l='ServerLevel[world]', x=-2446.50, y=80.00, z=-345.50]
[12Dec2024 01:52:53.336] [Server thread/INFO] [net.minecraft.server.MinecraftServer/]: [LastFist: Applied enchantment Mending to LastFist's item]
[12Dec2024 01:53:17.837] [Server thread/INFO] [net.minecraft.server.MinecraftServer/]: PamelaG has completed the challenge [+PARRY]
[12Dec2024 01:53:19.140] [Server thread/INFO] [net.minecraft.server.MinecraftServer/]: PamelaG was doomed to fall by The Rod
[12Dec2024 01:53:19.149] [Server thread/INFO] [tombstone/]: The player PamelaG has successfully been saved
[12Dec2024 01:53:55.209] [Server thread/WARN] [net.minecraft.world.level.entity.PersistentEntitySectionManager/]: UUID of added entity already exists: FallingBlockEntity['Falling Hanging Coconut'/138830, l='ServerLevel[world]', x=-2487.50, y=75.00, z=-277.50]
[12Dec2024 01:54:14.658] [Server thread/WARN] [net.minecraft.world.level.entity.PersistentEntitySectionManager/]: UUID of added entity already exists: FallingBlockEntity['Falling Hanging Coconut'/138933, l='ServerLevel[world]', x=-2491.50, y=75.00, z=-283.50]
[12Dec2024 01:54:47.409] [Server thread/WARN] [net.minecraft.world.level.entity.PersistentEntitySectionManager/]: UUID of added entity already exists: FallingBlockEntity['Falling Hanging Coconut'/139087, l='ServerLevel[world]', x=-2444.50, y=77.00, z=-320.50]
[12Dec2024 01:55:39.507] [Server thread/WARN] [net.minecraft.world.level.entity.PersistentEntitySectionManager/]: UUID of added entity already exists: FallingBlockEntity['Falling Hanging Coconut'/139312, l='ServerLevel[world]', x=-2488.50, y=75.00, z=-275.50]
[12Dec2024 01:56:37.660] [Server thread/WARN] [net.minecraft.world.level.entity.PersistentEntitySectionManager/]: UUID of added entity already exists: FallingBlockEntity['Falling Hanging Coconut'/144285, l='ServerLevel[world]', x=-2486.50, y=75.00, z=-276.50]
[12Dec2024 01:56:56.261] [Server thread/WARN] [net.minecraft.world.level.entity.PersistentEntitySectionManager/]: UUID of added entity already exists: FallingBlockEntity['Falling Hanging Coconut'/144412, l='ServerLevel[world]', x=-2510.50, y=73.00, z=-301.50]
[12Dec2024 01:56:59.008] [Server thread/WARN] [net.minecraft.world.level.entity.PersistentEntitySectionManager/]: UUID of added entity already exists: FallingBlockEntity['Falling Hanging Coconut'/144436, l='ServerLevel[world]', x=-2443.50, y=77.00, z=-319.50]
[12Dec2024 01:58:06.857] [Server thread/WARN] [net.minecraft.world.level.entity.PersistentEntitySectionManager/]: UUID of added entity already exists: FallingBlockEntity['Falling Hanging Coconut'/144903, l='ServerLevel[world]', x=-2488.50, y=75.00, z=-276.50]
[12Dec2024 01:58:53.200] [Server thread/INFO] [net.minecraft.server.MinecraftServer/]: [LastFist: Teleported LastFist to -801.500000, 64.500000, -177.500000]
[12Dec2024 01:59:11.098] [Server thread/INFO] [net.minecraft.server.MinecraftServer/]: [LastFist: Teleported LastFist to PamelaG]
[12Dec2024 02:00:19.187] [Server thread/INFO] [net.minecraft.server.MinecraftServer/]: [LastFist: Teleported LastFist to 1N_]
[12Dec2024 02:03:52.301] [Server thread/INFO] [net.minecraft.server.MinecraftServer/]: [LastFist: Teleported PamelaG to LastFist]
[12Dec2024 02:04:33.070] [Server thread/INFO] [net.minecraft.server.MinecraftServer/]: [LastFist: Teleported LastFist to -801.500000, 64.500000, -177.500000]
[12Dec2024 02:04:51.129] [Server thread/INFO] [net.minecraft.server.MinecraftServer/]: [LastFist: Teleported LastFist to -2641.500000, 63.500000, -421.500000]
[12Dec2024 02:07:36.637] [Server thread/INFO] [net.minecraft.server.MinecraftServer/]: [LastFist: Gave 1 [Experience Pump Upgrade] to LastFist]
[12Dec2024 02:11:24.275] [Server thread/INFO] [net.minecraft.server.MinecraftServer/]: [LastFist: Teleported LastFist to -801.500000, 64.500000, -177.500000]
[12Dec2024 02:12:03.745] [Server thread/INFO] [net.minecraft.server.MinecraftServer/]: [LastFist: Teleported PamelaG to LastFist]
[12Dec2024 02:12:45.741] [Server thread/INFO] [net.minecraft.server.MinecraftServer/]: [Not Secure] <1N_> q dice
[12Dec2024 02:12:47.839] [Server thread/INFO] [net.minecraft.server.MinecraftServer/]: [LastFist: Gave 1 [Hang Glider] to LastFist]
[12Dec2024 02:13:14.240] [Server thread/INFO] [net.minecraft.server.MinecraftServer/]: [Not Secure] <LastFist> tamos en el aether
[12Dec2024 02:13:16.380] [Server thread/INFO] [net.minecraft.server.MinecraftServer/]: [Not Secure] <LastFist> venite
[12Dec2024 02:13:17.982] [Server thread/INFO] [net.minecraft.server.MinecraftServer/]: [Not Secure] <1N_> k asen
[12Dec2024 02:13:21.832] [Server thread/INFO] [net.minecraft.server.MinecraftServer/]: [Not Secure] <1N_> pera
[12Dec2024 02:13:56.985] [Server thread/INFO] [net.minecraft.server.MinecraftServer/]: PamelaG hit the ground too hard
[12Dec2024 02:13:57.028] [Server thread/INFO] [tombstone/]: The player PamelaG has successfully been saved
[12Dec2024 02:14:53.534] [Server thread/INFO] [net.minecraft.server.MinecraftServer/]: LastFist has made the advancement [To Infinity and Beyond!]
[12Dec2024 02:14:56.735] [Server thread/INFO] [net.minecraft.server.MinecraftServer/]: PamelaG has made the advancement [To Infinity and Beyond!]
[12Dec2024 02:15:02.538] [Server thread/INFO] [net.minecraft.server.MinecraftServer/]: LastFist fell from a high place
[12Dec2024 02:15:02.619] [Server thread/INFO] [tombstone/]: The player LastFist has successfully been saved
[12Dec2024 02:15:47.135] [Server thread/INFO] [net.minecraft.server.MinecraftServer/]: [Not Secure] <1N_> tpa
[12Dec2024 02:15:53.144] [Server thread/INFO] [net.minecraft.server.MinecraftServer/]: [LastFist: Teleported LastFist to 1N_]
[12Dec2024 02:15:55.484] [Server thread/INFO] [net.minecraft.server.MinecraftServer/]: [Not Secure] <1N_> ¿¿
[12Dec2024 02:16:00.205] [Server thread/INFO] [net.minecraft.server.MinecraftServer/]: [LastFist: Teleported LastFist to PamelaG]
[12Dec2024 02:16:06.160] [Server thread/INFO] [net.minecraft.server.MinecraftServer/]: 1N_ has made the advancement [Hostile Paradise]
[12Dec2024 02:16:06.161] [Server thread/INFO] [net.minecraft.server.MinecraftServer/]: [LastFist: Teleported 1N_ to LastFist]
[12Dec2024 02:16:11.220] [Server thread/INFO] [net.minecraft.server.MinecraftServer/]: [Not Secure] <1N_> q es esta
[12Dec2024 02:16:15.365] [Server thread/INFO] [net.minecraft.server.MinecraftServer/]: [Not Secure] <1N_> wtf como volaste
[12Dec2024 02:16:25.679] [Server thread/INFO] [net.minecraft.server.MinecraftServer/]: [Not Secure] <LastFist> con glider
[12Dec2024 02:16:30.414] [Server thread/INFO] [net.minecraft.server.MinecraftServer/]: [Not Secure] <LastFist> hacete uno
[12Dec2024 02:16:32.428] [Server thread/INFO] [net.minecraft.server.MinecraftServer/]: [Not Secure] <LastFist> son baratos
[12Dec2024 02:16:35.778] [Server thread/INFO] [net.minecraft.server.MinecraftServer/]: [Not Secure] <1N_> como
[12Dec2024 02:16:39.651] [Server thread/INFO] [net.minecraft.server.MinecraftServer/]: [Not Secure] <LastFist> son
[12Dec2024 02:16:43.080] [Server thread/INFO] [net.minecraft.server.MinecraftServer/]: [Not Secure] <LastFist> 5 de hierro
[12Dec2024 02:16:47.816] [Server thread/INFO] [net.minecraft.server.MinecraftServer/]: [Not Secure] <LastFist> 6 de cuerto
[12Dec2024 02:16:52.276] [Server thread/INFO] [net.minecraft.server.MinecraftServer/]: [Not Secure] <LastFist> 6 de lana
[12Dec2024 02:16:54.324] [Server thread/INFO] [net.minecraft.server.MinecraftServer/]: [Not Secure] <1N_> no tengo
[12Dec2024 02:16:57.532] [Server thread/INFO] [net.minecraft.server.MinecraftServer/]: [Not Secure] <LastFist> ya te hago uno
[12Dec2024 02:17:14.823] [Server thread/INFO] [net.minecraft.server.MinecraftServer/]: [Not Secure] <1N_> y aqui q hay
[12Dec2024 02:17:18.123] [Server thread/INFO] [net.minecraft.server.MinecraftServer/]: [Not Secure] <LastFist> bosses
[12Dec2024 02:17:22.067] [Server thread/INFO] [net.minecraft.server.MinecraftServer/]: [Not Secure] <LastFist> y un monton de cosas
[12Dec2024 02:17:29.691] [Server thread/INFO] [net.minecraft.server.MinecraftServer/]: [Not Secure] <1N_> ok tpeame
[12Dec2024 02:17:39.632] [Server thread/INFO] [net.minecraft.server.MinecraftServer/]: [LastFist: Teleported 1N_ to LastFist]
[12Dec2024 02:18:47.154] [Server thread/INFO] [net.minecraft.world.entity.npc.Villager/]: Villager Villager['Villager'/160493, l='ServerLevel[world]', x=-805.18, y=-256.00, z=-177.14] died, message: 'Villager was killed'
[12Dec2024 02:19:24.367] [Server thread/INFO] [net.minecraft.server.MinecraftServer/]: [Not Secure] <1N_> cuaNTO DAÑO
[12Dec2024 02:19:25.934] [Server thread/INFO] [net.minecraft.server.MinecraftServer/]: [Not Secure] <1N_> te ago
[12Dec2024 02:19:33.315] [Server thread/INFO] [net.minecraft.server.MinecraftServer/]: [Not Secure] <1N_> q prote tienes
[12Dec2024 02:19:45.471] [Server thread/INFO] [net.minecraft.server.MinecraftServer/]: [Not Secure] <1N_> alla hay como una vallena
[12Dec2024 02:20:31.978] [Server thread/WARN] [net.minecraft.server.network.ServerGamePacketListenerImpl/]: PamelaG was kicked for floating too long!
[12Dec2024 02:20:32.027] [Server thread/INFO] [net.minecraft.server.network.ServerGamePacketListenerImpl/]: PamelaG lost connection: Flying is not enabled on this server
[12Dec2024 02:20:32.027] [Server thread/INFO] [net.minecraft.server.MinecraftServer/]: PamelaG left the game
[12Dec2024 02:20:32.032] [Server thread/INFO] [voicechat/]: [voicechat] Disconnecting client PamelaG
[12Dec2024 02:20:47.155] [Server thread/INFO] [net.minecraft.server.players.PlayerList/]: PamelaG[/127.182.179.156:58085] logged in with entity id 160877 at (-569.5554295827985, 173.62102660758373, -233.05448387863072)
[12Dec2024 02:20:47.168] [Server thread/INFO] [net.minecraft.server.MinecraftServer/]: PamelaG joined the game
[12Dec2024 02:20:47.661] [Server thread/INFO] [voicechat/]: [voicechat] Received secret request of PamelaG (18)
[12Dec2024 02:20:47.662] [Server thread/INFO] [voicechat/]: [voicechat] Sent secret to PamelaG
[12Dec2024 02:20:53.239] [VoiceChatPacketProcessingThread/INFO] [voicechat/]: [voicechat] Successfully authenticated player 8918f011-ec17-38f1-8011-e3f2a176466a
[12Dec2024 02:20:53.395] [Server thread/INFO] [net.minecraft.server.MinecraftServer/]: [LastFist: Teleported PamelaG to LastFist]
[12Dec2024 02:20:53.642] [Server thread/INFO] [net.minecraft.server.MinecraftServer/]: PamelaG fell from a high place
[12Dec2024 02:20:53.649] [Server thread/INFO] [tombstone/]: The player PamelaG has successfully been saved
[12Dec2024 02:20:54.248] [VoiceChatPacketProcessingThread/INFO] [voicechat/]: [voicechat] Successfully validated connection of player 8918f011-ec17-38f1-8011-e3f2a176466a
[12Dec2024 02:20:54.248] [VoiceChatPacketProcessingThread/INFO] [voicechat/]: [voicechat] Player PamelaG (8918f011-ec17-38f1-8011-e3f2a176466a) successfully connected to voice chat
[12Dec2024 02:21:21.475] [Server thread/INFO] [net.minecraft.server.MinecraftServer/]: [Not Secure] <LastFist> ey
[12Dec2024 02:21:25.635] [Server thread/INFO] [net.minecraft.server.MinecraftServer/]: [Not Secure] <LastFist> veni
[12Dec2024 02:21:28.063] [Server thread/INFO] [net.minecraft.server.MinecraftServer/]: [Not Secure] <1N_> dimelojara
[12Dec2024 02:21:29.200] [Server thread/INFO] [net.minecraft.server.MinecraftServer/]: [Not Secure] <LastFist> ya t hice el glider
[12Dec2024 02:22:14.642] [Server thread/INFO] [net.minecraft.server.MinecraftServer/]: [Not Secure] <1N_> DLB y se lo multiplike
[12Dec2024 02:22:20.385] [Server thread/INFO] [net.minecraft.server.MinecraftServer/]: 1N_ has made the advancement [Don't Count Your Moas...]
[12Dec2024 02:23:01.085] [Worker-Main-121/WARN] [net.minecraft.server.level.WorldGenRegion/]: Tried to access a block entity before it was created. BlockPos{x=-1465, y=42, z=57}
[12Dec2024 02:23:07.092] [Server thread/INFO] [net.minecraft.server.MinecraftServer/]: [Not Secure] <1N_> aora q asemo
[12Dec2024 02:23:13.944] [Server thread/INFO] [net.minecraft.server.MinecraftServer/]: [Not Secure] <LastFist> planea
[12Dec2024 02:23:19.265] [Server thread/INFO] [net.minecraft.server.MinecraftServer/]: [Not Secure] <LastFist> y busca estructuras
[12Dec2024 02:23:45.644] [Server thread/INFO] [net.minecraft.server.MinecraftServer/]: [Not Secure] <1N_> eStoy farmeando comida d l lindo
[12Dec2024 02:24:24.146] [Worker-Main-121/WARN] [net.minecraft.server.level.WorldGenRegion/]: Tried to access a block entity before it was created. BlockPos{x=-2184, y=51, z=-298}
[12Dec2024 02:24:28.004] [Worker-Main-1/WARN] [net.minecraft.server.level.WorldGenRegion/]: Tried to access a block entity before it was created. BlockPos{x=-2218, y=43, z=-329}
[12Dec2024 02:25:13.433] [Server thread/INFO] [net.minecraft.server.MinecraftServer/]: [LastFist: Gamerule sendCommandFeedback is now set to: true]
[12Dec2024 02:25:26.735] [Server thread/INFO] [net.minecraft.server.commands.LocateCommand/]: Locating element aether:bronze_dungeon took 0 ms
[12Dec2024 02:27:23.338] [Server thread/INFO] [net.minecraft.server.MinecraftServer/]: [Not Secure] <1N_> no hay n mrd
[12Dec2024 02:27:27.001] [Server thread/INFO] [net.minecraft.server.MinecraftServer/]: [LastFist: Teleported LastFist to PamelaG]
[12Dec2024 02:27:40.901] [Server thread/INFO] [net.minecraft.server.MinecraftServer/]: [LastFist: Teleported 1N_ to LastFist]
[12Dec2024 02:27:45.051] [Server thread/INFO] [net.minecraft.server.MinecraftServer/]: 1N_ has made the advancement [Exotic Hardware]
[12Dec2024 02:27:45.682] [Server thread/INFO] [net.minecraft.server.MinecraftServer/]: 1N_ has made the advancement [Baby Food]
[12Dec2024 02:27:53.226] [Server thread/INFO] [net.minecraft.server.MinecraftServer/]: PamelaG was slain by Valkyrie
[12Dec2024 02:27:53.235] [Server thread/INFO] [tombstone/]: The player PamelaG has successfully been saved
[12Dec2024 02:27:55.396] [Server thread/WARN] [net.minecraft.server.level.ServerEntity/]: Fetching packet for removed entity VampbiterEntity['Vampire Biter'/170380, l='ServerLevel[world]', x=-2582.60, y=4.04, z=-444.34, removed=DISCARDED]
[12Dec2024 02:28:04.364] [Server thread/INFO] [net.minecraft.server.MinecraftServer/]: PamelaG has reached the goal [Here They Come]
[12Dec2024 02:28:10.718] [Server thread/INFO] [net.minecraft.server.MinecraftServer/]: LastFist was slain by Valkyrie
[12Dec2024 02:28:10.738] [Server thread/INFO] [tombstone/]: The player LastFist has successfully been saved
[12Dec2024 02:28:15.675] [Server thread/INFO] [net.minecraft.server.MinecraftServer/]: PamelaG was slain by Valkyrie
[12Dec2024 02:28:15.683] [Server thread/INFO] [tombstone/]: The player PamelaG has successfully been saved
[12Dec2024 02:28:17.743] [Server thread/WARN] [net.minecraft.server.level.ServerEntity/]: Fetching packet for removed entity VampbiterEntity['Vampire Biter'/170380, l='ServerLevel[world]', x=-2582.60, y=4.04, z=-444.34, removed=DISCARDED]
[12Dec2024 02:29:40.369] [Server thread/INFO] [net.minecraft.server.MinecraftServer/]: PamelaG was slain by Valkyrie
[12Dec2024 02:29:40.385] [Server thread/INFO] [tombstone/]: The player PamelaG has successfully been saved
[12Dec2024 02:29:42.142] [Server thread/WARN] [net.minecraft.server.level.ServerEntity/]: Fetching packet for removed entity VampbiterEntity['Vampire Biter'/170380, l='ServerLevel[world]', x=-2582.60, y=4.04, z=-444.34, removed=DISCARDED]
[12Dec2024 02:30:07.366] [Server thread/INFO] [net.minecraft.server.MinecraftServer/]: LastFist was slain by Valkyrie
[12Dec2024 02:30:07.393] [Server thread/INFO] [tombstone/]: The player LastFist has successfully been saved
[12Dec2024 02:30:37.815] [Server thread/INFO] [net.minecraft.server.MinecraftServer/]: [Not Secure] <1N_> aca hay como un boss
[12Dec2024 02:30:45.186] [Server thread/INFO] [net.minecraft.server.MinecraftServer/]: PamelaG was slain by Valkyrie
[12Dec2024 02:30:45.204] [Server thread/INFO] [tombstone/]: The player PamelaG has successfully been saved
[12Dec2024 02:30:47.251] [Server thread/WARN] [net.minecraft.server.level.ServerEntity/]: Fetching packet for removed entity VampbiterEntity['Vampire Biter'/170380, l='ServerLevel[world]', x=-2582.60, y=4.04, z=-444.34, removed=DISCARDED]
[12Dec2024 02:31:03.278] [Server thread/INFO] [net.minecraft.server.MinecraftServer/]: [Not Secure] <1N_> como se va pa lla
[12Dec2024 02:31:15.763] [Server thread/INFO] [net.minecraft.server.MinecraftServer/]: PamelaG was slain by Valkyrie
[12Dec2024 02:31:15.786] [Server thread/INFO] [tombstone/]: The player PamelaG has successfully been saved
[12Dec2024 02:31:17.639] [Server thread/WARN] [net.minecraft.server.level.ServerEntity/]: Fetching packet for removed entity VampbiterEntity['Vampire Biter'/170380, l='ServerLevel[world]', x=-2582.60, y=4.04, z=-444.34, removed=DISCARDED]
[12Dec2024 02:31:20.996] [Server thread/INFO] [net.minecraft.server.MinecraftServer/]: [Not Secure] <1N_> no ataca
[12Dec2024 02:31:22.725] [Server thread/INFO] [net.minecraft.server.MinecraftServer/]: [Not Secure] <1N_> la encerramos
[12Dec2024 02:31:35.950] [Server thread/INFO] [net.minecraft.server.MinecraftServer/]: [Not Secure] <LastFist> esto quita los bloques normalmente
[12Dec2024 02:31:40.238] [Server thread/INFO] [net.minecraft.server.MinecraftServer/]: [Not Secure] <1N_> tranquilo
[12Dec2024 02:31:43.949] [Server thread/INFO] [net.minecraft.server.MinecraftServer/]: [LastFist: Teleported PamelaG to LastFist]
[12Dec2024 02:31:48.270] [Server thread/INFO] [net.minecraft.server.MinecraftServer/]: [Not Secure] <1N_> follatela
[12Dec2024 02:31:49.712] [Server thread/INFO] [net.minecraft.server.MinecraftServer/]: [Not Secure] <LastFist> pegale
[12Dec2024 02:31:51.577] [Server thread/INFO] [net.minecraft.server.MinecraftServer/]: [Not Secure] <1N_> dale
[12Dec2024 02:31:58.366] [Server thread/INFO] [net.minecraft.server.MinecraftServer/]: [Not Secure] <1N_> no se puede
[12Dec2024 02:32:13.168] [Server thread/INFO] [net.minecraft.server.MinecraftServer/]: [Not Secure] <1N_> dale clic
[12Dec2024 02:32:14.737] [Server thread/INFO] [net.minecraft.server.MinecraftServer/]: [Not Secure] <1N_> interactua
[12Dec2024 02:32:22.647] [Server thread/INFO] [net.minecraft.server.MinecraftServer/]: [Not Secure] <1N_> dice
[12Dec2024 02:32:25.763] [Server thread/INFO] [net.minecraft.server.MinecraftServer/]: [Not Secure] <1N_> q le demos
[12Dec2024 02:32:26.927] [Server thread/INFO] [net.minecraft.server.MinecraftServer/]: [Not Secure] <1N_> medallas
[12Dec2024 02:32:27.569] [Server thread/INFO] [net.minecraft.server.MinecraftServer/]: PamelaG was slain by Valkyrie
[12Dec2024 02:32:27.601] [Server thread/INFO] [tombstone/]: The player PamelaG has successfully been saved
[12Dec2024 02:32:29.393] [Server thread/WARN] [net.minecraft.server.level.ServerEntity/]: Fetching packet for removed entity VampbiterEntity['Vampire Biter'/170380, l='ServerLevel[world]', x=-2582.60, y=4.04, z=-444.34, removed=DISCARDED]
[12Dec2024 02:32:29.430] [Server thread/WARN] [net.minecraft.server.level.ServerEntity/]: Fetching packet for removed entity VampbiterEntity['Vampire Biter'/173457, l='ServerLevel[world]', x=-2580.71, y=14.72, z=-453.66, removed=DISCARDED]
[12Dec2024 02:32:30.484] [Server thread/INFO] [net.minecraft.server.MinecraftServer/]: [Not Secure] <1N_> de las valkirias
[12Dec2024 02:32:37.240] [Server thread/INFO] [net.minecraft.server.MinecraftServer/]: [Not Secure] <1N_> tengo 5
[12Dec2024 02:32:45.416] [Server thread/INFO] [net.minecraft.server.MinecraftServer/]: [Not Secure] <1N_> dame
[12Dec2024 02:32:48.913] [Server thread/INFO] [net.minecraft.server.MinecraftServer/]: [Not Secure] <1N_> yo tewngo 5
[12Dec2024 02:33:00.576] [Server thread/INFO] [net.minecraft.server.MinecraftServer/]: [Not Secure] <1N_> faltan 3
[12Dec2024 02:33:09.465] [Server thread/INFO] [net.minecraft.server.MinecraftServer/]: [Not Secure] <1N_> pasala
[12Dec2024 02:33:19.651] [Server thread/INFO] [net.minecraft.server.MinecraftServer/]: [Not Secure] <1N_> pasala pamela
[12Dec2024 02:33:20.416] [Server thread/INFO] [net.minecraft.server.MinecraftServer/]: [Not Secure] <1N_> si
[12Dec2024 02:33:57.441] [Server thread/INFO] [net.minecraft.server.MinecraftServer/]: [Not Secure] <1N_> tengo 10
[12Dec2024 02:34:52.963] [Server thread/INFO] [net.minecraft.server.MinecraftServer/]: [LastFist: Teleported PamelaG to LastFist]
[12Dec2024 02:36:36.216] [Server thread/INFO] [net.minecraft.server.MinecraftServer/]: PamelaG was struck by lightning whilst fighting Valkyrie Queen
[12Dec2024 02:36:36.224] [Server thread/INFO] [tombstone/]: The player PamelaG has successfully been saved
[12Dec2024 02:36:38.569] [Server thread/WARN] [net.minecraft.server.level.ServerEntity/]: Fetching packet for removed entity VampbiterEntity['Vampire Biter'/170380, l='ServerLevel[world]', x=-2582.60, y=4.04, z=-444.34, removed=DISCARDED]
[12Dec2024 02:36:38.590] [Server thread/WARN] [net.minecraft.server.level.ServerEntity/]: Fetching packet for removed entity VampbiterEntity['Vampire Biter'/173457, l='ServerLevel[world]', x=-2580.71, y=14.72, z=-453.66, removed=DISCARDED]
[12Dec2024 02:37:13.072] [Server thread/INFO] [net.minecraft.server.MinecraftServer/]: LastFist has reached the goal [Dethroned]
[12Dec2024 02:37:13.072] [Server thread/INFO] [net.minecraft.server.MinecraftServer/]: 1N_ has reached the goal [Dethroned]
[12Dec2024 02:37:13.073] [Server thread/INFO] [net.minecraft.server.MinecraftServer/]: PamelaG has reached the goal [Dethroned]
[12Dec2024 02:37:23.366] [Server thread/INFO] [net.minecraft.server.MinecraftServer/]: 1N_ has made the advancement [Battle Hardened]
[12Dec2024 02:37:26.091] [Server thread/INFO] [net.minecraft.server.MinecraftServer/]: LastFist has reached the goal [Earning your Wings]
[12Dec2024 02:39:05.672] [Server thread/INFO] [net.minecraft.server.MinecraftServer/]: 1N_ has made the advancement [To Infinity and Beyond!]
[12Dec2024 02:40:42.762] [Server thread/INFO] [net.minecraft.server.MinecraftServer/]: [LastFist: Gamerule sendCommandFeedback is now set to: false]
[12Dec2024 02:41:04.475] [Server thread/INFO] [net.minecraft.server.commands.LocateCommand/]: Locating element aether:gold_dungeon took 4 ms
[12Dec2024 02:41:39.170] [Server thread/INFO] [net.minecraft.server.MinecraftServer/]: [LastFist: Gamerule sendCommandFeedback is now set to: true]
[12Dec2024 02:41:51.196] [Server thread/INFO] [net.minecraft.server.commands.LocateCommand/]: Locating element aether:gold_dungeon took 0 ms
[12Dec2024 02:41:57.326] [Server thread/INFO] [net.minecraft.server.MinecraftServer/]: [LastFist: Teleported LastFist to -3311.500000, 113.000000, -1151.500000]
[12Dec2024 02:41:57.326] [Server thread/WARN] [net.minecraft.server.MinecraftServer/]: Can't keep up! Is the server overloaded? Running 2074ms or 41 ticks behind
[12Dec2024 02:42:21.646] [Server thread/INFO] [net.minecraft.server.MinecraftServer/]: [LastFist: Teleported 3 entities to LastFist]
[12Dec2024 02:43:02.311] [Server thread/INFO] [net.minecraft.server.MinecraftServer/]: [LastFist: Gamerule sendCommandFeedback is now set to: false]
[12Dec2024 02:43:15.265] [Server thread/INFO] [net.minecraft.server.MinecraftServer/]: [LastFist: Applied enchantment Mending to LastFist's item]
[12Dec2024 02:44:09.518] [Server thread/INFO] [net.minecraft.server.MinecraftServer/]: [LastFist: Teleported 3 entities to LastFist]
[12Dec2024 02:46:03.665] [Server thread/INFO] [net.minecraft.server.MinecraftServer/]: [LastFist: Teleported LastFist to PamelaG]
[12Dec2024 02:49:00.812] [Server thread/INFO] [net.minecraft.server.MinecraftServer/]: LastFist was slain by Fire Minion
[12Dec2024 02:49:00.819] [Server thread/INFO] [tombstone/]: The player LastFist has successfully been saved
[12Dec2024 02:51:19.562] [Server thread/INFO] [net.minecraft.server.MinecraftServer/]: PamelaG has made the advancement [Cold as Ice]
[12Dec2024 02:52:32.311] [Server thread/INFO] [net.minecraft.server.MinecraftServer/]: LastFist was incinerated by Sun Spirit
[12Dec2024 02:52:32.319] [Server thread/INFO] [tombstone/]: The player LastFist has successfully been saved
[12Dec2024 02:54:18.970] [Server thread/INFO] [net.minecraft.server.MinecraftServer/]: [LastFist: Gamerule sendCommandFeedback is now set to: false]
[12Dec2024 02:54:28.647] [Server thread/INFO] [net.minecraft.server.MinecraftServer/]: [LastFist: Applied enchantment Sharpness III to LastFist's item]
[12Dec2024 02:54:40.861] [Server thread/INFO] [net.minecraft.server.MinecraftServer/]: PamelaG was slain by Fire Minion
[12Dec2024 02:54:40.869] [Server thread/INFO] [tombstone/]: The player PamelaG has successfully been saved
[12Dec2024 02:54:42.578] [Server thread/WARN] [net.minecraft.server.level.ServerEntity/]: Fetching packet for removed entity VampbiterEntity['Vampire Biter'/170380, l='ServerLevel[world]', x=-2582.60, y=4.04, z=-444.34, removed=DISCARDED]
[12Dec2024 02:54:42.585] [Server thread/WARN] [net.minecraft.server.level.ServerEntity/]: Fetching packet for removed entity VampbiterEntity['Vampire Biter'/173457, l='ServerLevel[world]', x=-2580.71, y=14.72, z=-453.66, removed=DISCARDED]
[12Dec2024 02:56:31.111] [Server thread/INFO] [net.minecraft.server.MinecraftServer/]: LastFist was incinerated by Sun Spirit
[12Dec2024 02:56:31.120] [Server thread/INFO] [tombstone/]: The player LastFist has successfully been saved
[12Dec2024 02:59:58.413] [Server thread/INFO] [net.minecraft.server.MinecraftServer/]: LastFist was incinerated by Sun Spirit's Fire Crystal
[12Dec2024 02:59:58.420] [Server thread/INFO] [tombstone/]: The player LastFist has successfully been saved
[12Dec2024 03:00:09.532] [Server thread/INFO] [net.minecraft.server.MinecraftServer/]: 1N_ has reached the goal [Extinguished]
[12Dec2024 03:00:09.532] [Server thread/INFO] [net.minecraft.server.MinecraftServer/]: PamelaG has reached the goal [Extinguished]
[12Dec2024 03:00:09.532] [Server thread/INFO] [net.minecraft.server.MinecraftServer/]: LastFist has reached the goal [Extinguished]
[12Dec2024 03:00:31.627] [Server thread/INFO] [net.minecraft.server.MinecraftServer/]: LastFist has reached the goal [Fireproof]
[12Dec2024 03:00:31.664] [Server thread/INFO] [net.minecraft.server.MinecraftServer/]: 1N_ has reached the goal [Fireproof]
[12Dec2024 03:01:57.011] [Server thread/INFO] [net.minecraft.server.MinecraftServer/]: PamelaG has reached the goal [Fireproof]
[12Dec2024 03:03:49.233] [Worker-Main-3/WARN] [net.minecraft.server.level.WorldGenRegion/]: Tried to access a block entity before it was created. BlockPos{x=-3734, y=43, z=-1559}
[12Dec2024 03:04:49.417] [Server thread/INFO] [net.minecraft.server.MinecraftServer/]: [Not Secure] <1N_> encontre algo pro
[12Dec2024 03:04:58.193] [Server thread/INFO] [net.minecraft.server.MinecraftServer/]: [LastFist: Teleported 3 entities to 1N_]
[12Dec2024 03:06:12.115] [Server thread/INFO] [net.minecraft.server.MinecraftServer/]: PamelaG was slain by Valkyrie
[12Dec2024 03:06:12.121] [Server thread/INFO] [tombstone/]: The player PamelaG has successfully been saved
[12Dec2024 03:06:13.721] [Server thread/WARN] [net.minecraft.server.level.ServerEntity/]: Fetching packet for removed entity VampbiterEntity['Vampire Biter'/170380, l='ServerLevel[world]', x=-2582.60, y=4.04, z=-444.34, removed=DISCARDED]
[12Dec2024 03:06:13.744] [Server thread/WARN] [net.minecraft.server.level.ServerEntity/]: Fetching packet for removed entity VampbiterEntity['Vampire Biter'/173457, l='ServerLevel[world]', x=-2580.71, y=14.72, z=-453.66, removed=DISCARDED]
[12Dec2024 03:06:17.090] [Server thread/WARN] [net.minecraft.server.MinecraftServer/]: Can't keep up! Is the server overloaded? Running 3338ms or 66 ticks behind
[12Dec2024 03:06:55.521] [Server thread/INFO] [net.minecraft.server.MinecraftServer/]: PamelaG has made the advancement [Don't Count Your Moas...]
[12Dec2024 03:08:18.064] [Server thread/INFO] [net.minecraft.server.MinecraftServer/]: PamelaG was slain by Valkyrie
[12Dec2024 03:08:18.072] [Server thread/INFO] [tombstone/]: The player PamelaG has successfully been saved
[12Dec2024 03:08:19.799] [Server thread/WARN] [net.minecraft.server.level.ServerEntity/]: Fetching packet for removed entity VampbiterEntity['Vampire Biter'/170380, l='ServerLevel[world]', x=-2582.60, y=4.04, z=-444.34, removed=DISCARDED]
[12Dec2024 03:08:19.836] [Server thread/WARN] [net.minecraft.server.level.ServerEntity/]: Fetching packet for removed entity VampbiterEntity['Vampire Biter'/173457, l='ServerLevel[world]', x=-2580.71, y=14.72, z=-453.66, removed=DISCARDED]
[12Dec2024 03:08:53.763] [Server thread/INFO] [net.minecraft.server.MinecraftServer/]: PamelaG has made the advancement [Exotic Hardware]
[12Dec2024 03:09:14.119] [Server thread/INFO] [net.minecraft.server.MinecraftServer/]: [LastFist: Teleported 3 entities to LastFist]
[12Dec2024 03:12:13.996] [Server thread/INFO] [net.minecraft.server.MinecraftServer/]: LastFist has made the advancement [Exotic Hardware]
[12Dec2024 03:14:46.505] [Server thread/INFO] [net.minecraft.world.entity.npc.Villager/]: Villager Villager['Villager'/200159, l='ServerLevel[world]', x=-805.18, y=-256.00, z=-177.14] died, message: 'Villager was killed'
[12Dec2024 03:15:55.105] [Server thread/WARN] [net.minecraft.server.network.ServerGamePacketListenerImpl/]: PamelaG moved too quickly! 0.0,-10.806526110009145,0.0
[12Dec2024 03:15:55.108] [Server thread/WARN] [net.minecraft.server.network.ServerGamePacketListenerImpl/]: LastFist moved too quickly! 9.865808013764308,-0.9177180281722599,-2.5802529074701397
[12Dec2024 03:15:55.134] [Server thread/WARN] [net.minecraft.server.MinecraftServer/]: Can't keep up! Is the server overloaded? Running 3432ms or 68 ticks behind
[12Dec2024 03:16:11.663] [Worker-Main-3/WARN] [net.minecraft.world.entity.EntityType/]: Skipping Entity with id 
[12Dec2024 03:16:11.664] [Worker-Main-3/WARN] [net.minecraft.world.entity.EntityType/]: Skipping Entity with id 
[12Dec2024 03:16:16.242] [Server thread/INFO] [net.minecraft.server.MinecraftServer/]: PamelaG fell from a high place
[12Dec2024 03:16:16.304] [Server thread/INFO] [tombstone/]: The player PamelaG has successfully been saved
[12Dec2024 03:16:18.972] [Server thread/WARN] [net.minecraft.server.level.ServerEntity/]: Fetching packet for removed entity VampbiterEntity['Vampire Biter'/170380, l='ServerLevel[world]', x=-2582.60, y=4.04, z=-444.34, removed=DISCARDED]
[12Dec2024 03:16:19.135] [Server thread/INFO] [net.minecraft.server.MinecraftServer/]: [Not Secure] <1N_> xd
[12Dec2024 03:16:19.285] [Server thread/WARN] [net.minecraft.server.level.ServerEntity/]: Fetching packet for removed entity VampbiterEntity['Vampire Biter'/173457, l='ServerLevel[world]', x=-2580.71, y=14.72, z=-453.66, removed=DISCARDED]
[12Dec2024 03:16:26.978] [Server thread/INFO] [net.minecraft.server.MinecraftServer/]: [LastFist: Teleported 3 entities to LastFist]
[12Dec2024 03:23:10.366] [Server thread/INFO] [net.minecraft.server.MinecraftServer/]: [Not Secure] <1N_> pasa
[12Dec2024 03:23:12.933] [Server thread/INFO] [net.minecraft.server.MinecraftServer/]: [Not Secure] <1N_> las medallas
[12Dec2024 03:26:30.229] [Server thread/INFO] [net.minecraft.server.MinecraftServer/]: 1N_ has reached the goal [Earning your Wings]
[12Dec2024 03:26:30.563] [Server thread/INFO] [net.minecraft.server.MinecraftServer/]: LastFist has made the advancement [Battle Hardened]
[12Dec2024 03:29:50.220] [Server thread/WARN] [net.minecraft.server.MinecraftServer/]: Can't keep up! Is the server overloaded? Running 4268ms or 85 ticks behind
[12Dec2024 03:29:50.317] [Server thread/INFO] [net.minecraft.server.MinecraftServer/]: [LastFist: Teleported LastFist to -801.500000, 64.500000, -177.500000]
[12Dec2024 03:29:55.667] [Server thread/WARN] [net.minecraft.server.network.ServerGamePacketListenerImpl/]: PamelaG moved too quickly! -3.9672133408876107,-8.655325438981436,-4.090047006388431
[12Dec2024 03:29:57.876] [Server thread/INFO] [net.minecraft.server.MinecraftServer/]: [Not Secure] <LastFist> toy en la casa
[12Dec2024 03:30:00.089] [Server thread/INFO] [net.minecraft.server.MinecraftServer/]: [Not Secure] <1N_> tp
[12Dec2024 03:30:06.421] [Server thread/INFO] [net.minecraft.server.MinecraftServer/]: [LastFist: Teleported LastFist to -2641.500000, 63.500000, -421.500000]
[12Dec2024 03:30:06.459] [Server thread/WARN] [net.minecraft.server.network.ServerGamePacketListenerImpl/]: PamelaG moved too quickly! -0.04196683248028421,-10.070742897100729,1.1620314493836759
[12Dec2024 03:30:07.988] [Server thread/WARN] [net.minecraft.server.level.ServerEntity/]: Fetching packet for removed entity VampbiterEntity['Vampire Biter'/173457, l='ServerLevel[world]', x=-2580.71, y=14.72, z=-453.66, removed=DISCARDED]
[12Dec2024 03:30:07.993] [Server thread/WARN] [net.minecraft.server.level.ServerEntity/]: Fetching packet for removed entity VampbiterEntity['Vampire Biter'/170380, l='ServerLevel[world]', x=-2582.60, y=4.04, z=-444.34, removed=DISCARDED]
[12Dec2024 03:30:10.854] [Server thread/WARN] [net.minecraft.server.level.ServerEntity/]: Fetching packet for removed entity VampbiterEntity['Vampire Biter'/173457, l='ServerLevel[world]', x=-2580.71, y=14.72, z=-453.66, removed=DISCARDED]
[12Dec2024 03:30:10.855] [Server thread/WARN] [net.minecraft.server.level.ServerEntity/]: Fetching packet for removed entity VampbiterEntity['Vampire Biter'/170380, l='ServerLevel[world]', x=-2582.60, y=4.04, z=-444.34, removed=DISCARDED]
[12Dec2024 03:30:10.857] [Server thread/INFO] [net.minecraft.server.MinecraftServer/]: [LastFist: Teleported 3 entities to LastFist]
[12Dec2024 03:30:10.887] [Server thread/WARN] [net.minecraft.server.level.ServerEntity/]: Fetching packet for removed entity VampbiterEntity['Vampire Biter'/170380, l='ServerLevel[world]', x=-2582.60, y=4.04, z=-444.34, removed=DISCARDED]
[12Dec2024 03:30:10.907] [Server thread/WARN] [net.minecraft.server.level.ServerEntity/]: Fetching packet for removed entity VampbiterEntity['Vampire Biter'/173457, l='ServerLevel[world]', x=-2580.71, y=14.72, z=-453.66, removed=DISCARDED]
[12Dec2024 03:32:27.509] [Server thread/INFO] [net.minecraft.server.MinecraftServer/]: [LastFist: Teleported LastFist to -2972.500000, 81.500000, -497.500000]
[12Dec2024 03:32:33.197] [Server thread/INFO] [net.minecraft.server.MinecraftServer/]: [LastFist: Teleported 3 entities to LastFist]
[12Dec2024 03:33:23.401] [Server thread/INFO] [net.minecraft.server.MinecraftServer/]: [Not Secure] <1N_> LANZAT
[12Dec2024 03:34:17.428] [Server thread/INFO] [net.minecraft.server.MinecraftServer/]: 1N_ has made the advancement [Alex's Caves]
[12Dec2024 03:36:08.829] [Server thread/INFO] [net.minecraft.server.MinecraftServer/]: [Not Secure] <1N_> ben
[12Dec2024 03:36:22.826] [Server thread/INFO] [net.minecraft.server.MinecraftServer/]: [LastFist: Teleported PamelaG to LastFist]
[12Dec2024 03:37:15.875] [Server thread/INFO] [net.minecraft.server.MinecraftServer/]: PamelaG has made the advancement [Alex's Caves]
[12Dec2024 03:37:23.523] [Server thread/INFO] [net.minecraft.server.MinecraftServer/]: [Not Secure] <1N_> ENCONTRE 1 SPAWNR
[12Dec2024 03:37:40.528] [Server thread/INFO] [net.minecraft.server.MinecraftServer/]: [Not Secure] <1N_> ES DE ARAÑAS
[12Dec2024 03:37:42.480] [Server thread/INFO] [net.minecraft.server.MinecraftServer/]: [LastFist: Teleported PamelaG to LastFist]
[12Dec2024 03:37:43.797] [Server thread/INFO] [net.minecraft.server.MinecraftServer/]: [Not Secure] <LastFist> voy
[12Dec2024 03:38:19.930] [Server thread/INFO] [net.minecraft.server.MinecraftServer/]: 1N_ has made the advancement [The Beginning of An Adventure]
[12Dec2024 03:38:19.931] [Server thread/INFO] [net.minecraft.server.MinecraftServer/]: 1N_ has made the advancement [Need A Map?]
[12Dec2024 03:38:42.376] [Server thread/INFO] [net.minecraft.server.MinecraftServer/]: [Not Secure] <1N_> ES D ARAÑA DE CUEVA
[12Dec2024 03:38:46.692] [Server thread/INFO] [net.minecraft.server.MinecraftServer/]: [Not Secure] <1N_> NO S SI LO KIERES HACER DE ESTE
[12Dec2024 03:38:47.026] [Server thread/INFO] [net.minecraft.server.MinecraftServer/]: [Not Secure] <LastFist> sirve
[12Dec2024 03:38:52.570] [Server thread/INFO] [net.minecraft.server.MinecraftServer/]: [Not Secure] <1N_> O MAS FACIL BUSKAMOS OTRO
[12Dec2024 03:38:56.129] [Server thread/INFO] [net.minecraft.server.MinecraftServer/]: [Not Secure] <LastFist> sizas
[12Dec2024 03:39:05.651] [Server thread/INFO] [net.minecraft.server.MinecraftServer/]: [LastFist: Teleported LastFist to PamelaG]
[12Dec2024 03:39:17.572] [Server thread/INFO] [net.minecraft.server.MinecraftServer/]: [Not Secure] <1N_> ben
[12Dec2024 03:41:33.929] [Server thread/INFO] [net.minecraft.server.MinecraftServer/]: [Not Secure] <1N_> DE Q ES ESE
[12Dec2024 03:41:56.133] [Server thread/INFO] [net.minecraft.server.MinecraftServer/]: [Not Secure] <1N_> VEN HDP
[12Dec2024 03:41:58.693] [Server thread/INFO] [net.minecraft.server.MinecraftServer/]: [Not Secure] <1N_> ENCONTRE DE ZOMBI
[12Dec2024 03:42:07.390] [Server thread/INFO] [net.minecraft.server.MinecraftServer/]: [Not Secure] <LastFist> voy
[12Dec2024 03:42:18.295] [Server thread/INFO] [net.minecraft.server.MinecraftServer/]: [Not Secure] <1N_> WTF
[12Dec2024 03:42:52.882] [Server thread/INFO] [net.minecraft.world.entity.LivingEntity/]: Named entity Zombie['Corvin the Rotten'/214990, l='ServerLevel[world]', x=-3022.30, y=21.00, z=-602.50] died: Corvin the Rotten was slain by 1N_
[12Dec2024 03:42:55.735] [Server thread/INFO] [net.minecraft.server.MinecraftServer/]: 1N_ has completed the challenge [Serious Dedication]
[12Dec2024 03:43:13.000] [Server thread/INFO] [net.minecraft.server.MinecraftServer/]: [Not Secure] <1N_> soy demasiado PRO
[12Dec2024 03:43:28.578] [Server thread/INFO] [net.minecraft.server.MinecraftServer/]: LastFist has made the advancement [Chest Slayer]
[12Dec2024 03:44:09.781] [Server thread/INFO] [net.minecraft.server.MinecraftServer/]: [Not Secure] <1N_> VIENES O KE
[12Dec2024 03:44:12.132] [Server thread/INFO] [net.minecraft.server.MinecraftServer/]: [Not Secure] <1N_> PEDAZO DE SHIT
[12Dec2024 03:46:11.333] [Server thread/INFO] [net.minecraft.server.MinecraftServer/]: [LastFist: Teleported LastFist to 1N_]
[12Dec2024 03:46:11.682] [Server thread/INFO] [net.minecraft.server.MinecraftServer/]: LastFist has made the advancement [Quite the Renovation]
[12Dec2024 03:48:48.862] [Server thread/INFO] [net.minecraft.server.MinecraftServer/]: PamelaG has made the advancement [Quite the Renovation]
[12Dec2024 03:48:50.267] [Server thread/INFO] [net.minecraft.server.MinecraftServer/]: [LastFist: Teleported PamelaG to LastFist]
[12Dec2024 04:02:24.915] [Server thread/INFO] [net.minecraft.world.entity.LivingEntity/]: Named entity Zombie['Yomach the Toxic'/215112, l='ServerLevel[world]', x=-3147.30, y=-16.13, z=-623.51] died: Yomach the Toxic was slain by Troll
[12Dec2024 04:07:27.027] [Server thread/INFO] [net.minecraft.server.commands.LocateCommand/]: Locating element #betterdungeons:better_dungeons (betterdungeons:small_dungeon) took 0 ms
[12Dec2024 04:07:35.277] [Server thread/INFO] [net.minecraft.server.MinecraftServer/]: [LastFist: Gamerule sendCommandFeedback is now set to: true]
[12Dec2024 04:07:58.029] [Server thread/INFO] [net.minecraft.server.commands.LocateCommand/]: Locating element #betterdungeons:better_dungeons (betterdungeons:small_dungeon) took 0 ms
[12Dec2024 04:08:13.284] [Server thread/INFO] [net.minecraft.server.MinecraftServer/]: [LastFist: Teleported LastFist to -2972.500000, 81.500000, -497.500000]
[12Dec2024 04:09:12.447] [Server thread/INFO] [net.minecraft.server.commands.LocateCommand/]: Locating element #betterdungeons:better_dungeons (betterdungeons:small_dungeon) took 0 ms
[12Dec2024 04:09:35.523] [Server thread/INFO] [net.minecraft.server.MinecraftServer/]: [LastFist: Teleported LastFist to -801.500000, 64.500000, -177.500000]
[12Dec2024 04:09:46.544] [Server thread/INFO] [net.minecraft.server.commands.LocateCommand/]: Locating element #betterdungeons:better_dungeons (betterdungeons:small_dungeon) took 4 ms
[12Dec2024 04:09:49.450] [Server thread/INFO] [net.minecraft.server.MinecraftServer/]: [LastFist: Teleported LastFist to -927.500000, 63.000000, -319.500000]
[12Dec2024 04:11:04.600] [Server thread/INFO] [net.minecraft.server.MinecraftServer/]: 1N_ has made the advancement [Vampire Slayer]
[12Dec2024 04:11:20.895] [Server thread/INFO] [net.minecraft.server.MinecraftServer/]: 1N_ has made the advancement [Mine Turtle!]
[12Dec2024 04:11:37.791] [Server thread/INFO] [net.minecraft.server.MinecraftServer/]: LastFist has made the advancement [Fortune Seeker]
[12Dec2024 04:11:37.791] [Server thread/INFO] [net.minecraft.server.MinecraftServer/]: LastFist has made the advancement [The Beginning of An Adventure]
[12Dec2024 04:12:11.361] [Server thread/WARN] [net.minecraft.server.level.ServerEntity/]: Fetching packet for removed entity VampbiterEntity['Vampire Biter'/173457, l='ServerLevel[world]', x=-2580.71, y=14.72, z=-453.66, removed=DISCARDED]
[12Dec2024 04:12:21.098] [Server thread/INFO] [net.minecraft.server.MinecraftServer/]: [LastFist: Teleported LastFist to -801.500000, 64.500000, -177.500000]
[12Dec2024 04:12:21.888] [Server thread/WARN] [net.minecraft.server.level.ServerEntity/]: Fetching packet for removed entity VampbiterEntity['Vampire Biter'/173457, l='ServerLevel[world]', x=-2580.71, y=14.72, z=-453.66, removed=DISCARDED]
[12Dec2024 04:12:23.533] [Server thread/WARN] [net.minecraft.server.level.ServerEntity/]: Fetching packet for removed entity VampbiterEntity['Vampire Biter'/170380, l='ServerLevel[world]', x=-2582.60, y=4.04, z=-444.34, removed=DISCARDED]
[12Dec2024 04:13:10.792] [Server thread/INFO] [net.minecraft.server.MinecraftServer/]: [Not Secure] <1N_> encontre de skellys
[12Dec2024 04:14:40.504] [Server thread/INFO] [net.minecraft.server.commands.LocateCommand/]: Locating element cataclysm:sunken_city took 1261 ms
[12Dec2024 04:14:53.024] [Server thread/INFO] [net.minecraft.server.MinecraftServer/]: [LastFist: Teleported LastFist to -4559.500000, 64.000000, 48.500000]
[12Dec2024 04:14:53.025] [Server thread/WARN] [net.minecraft.server.MinecraftServer/]: Can't keep up! Is the server overloaded? Running 8672ms or 173 ticks behind
[12Dec2024 04:14:53.596] [Server thread/INFO] [net.minecraft.server.MinecraftServer/]: LastFist has made the advancement [Sunken City]
[12Dec2024 04:15:12.509] [Server thread/WARN] [net.minecraft.server.network.ServerGamePacketListenerImpl/]: 1N_ moved too quickly! -0.2318221822229134,1.5449999868869781,-10.136659291604474
[12Dec2024 04:15:18.993] [Server thread/INFO] [net.minecraft.server.MinecraftServer/]: [Not Secure] <LastFist> oe
[12Dec2024 04:15:21.344] [Server thread/INFO] [net.minecraft.server.MinecraftServer/]: [Not Secure] <1N_> ¿¿
[12Dec2024 04:15:21.914] [Server thread/INFO] [net.minecraft.server.MinecraftServer/]: [Not Secure] <LastFist> estoy en una dungeon
[12Dec2024 04:15:23.746] [Server thread/INFO] [net.minecraft.server.MinecraftServer/]: [Not Secure] <LastFist> arrechisima
[12Dec2024 04:15:29.161] [Server thread/INFO] [net.minecraft.server.MinecraftServer/]: [Not Secure] <1N_> tp
[12Dec2024 04:15:29.744] [Server thread/WARN] [net.minecraft.server.MinecraftServer/]: Can't keep up! Is the server overloaded? Running 21742ms or 434 ticks behind
[12Dec2024 04:15:31.845] [Worker-Main-3/ERROR] [net.minecraft.world.entity.decoration.HangingEntity/]: Hanging entity at invalid position: BlockPos{x=-348, y=36, z=-361}
[12Dec2024 04:15:34.989] [Worker-Main-3/ERROR] [net.minecraft.world.entity.decoration.HangingEntity/]: Hanging entity at invalid position: BlockPos{x=-351, y=30, z=-358}
[12Dec2024 04:15:37.686] [Worker-Main-1/ERROR] [net.minecraft.world.entity.decoration.HangingEntity/]: Hanging entity at invalid position: BlockPos{x=-227, y=26, z=-385}
[12Dec2024 04:15:37.687] [Worker-Main-1/ERROR] [net.minecraft.world.entity.decoration.HangingEntity/]: Hanging entity at invalid position: BlockPos{x=-223, y=26, z=-385}
[12Dec2024 04:15:39.500] [Server thread/INFO] [net.minecraft.server.MinecraftServer/]: [LastFist: Teleported 1N_ to LastFist]
[12Dec2024 04:15:40.719] [Server thread/INFO] [net.minecraft.server.MinecraftServer/]: 1N_ has made the advancement [Sunken City]
[12Dec2024 04:15:43.771] [Worker-Main-1/ERROR] [net.minecraft.world.entity.decoration.HangingEntity/]: Hanging entity at invalid position: BlockPos{x=-325, y=25, z=-316}
[12Dec2024 04:15:43.837] [Worker-Main-1/ERROR] [net.minecraft.world.entity.decoration.HangingEntity/]: Hanging entity at invalid position: BlockPos{x=-376, y=31, z=-419}
[12Dec2024 04:15:50.391] [Server thread/WARN] [net.minecraft.server.MinecraftServer/]: Can't keep up! Is the server overloaded? Running 5689ms or 113 ticks behind
[12Dec2024 04:15:51.131] [Worker-Main-121/ERROR] [net.minecraft.world.entity.decoration.HangingEntity/]: Hanging entity at invalid position: BlockPos{x=-376, y=31, z=-419}
[12Dec2024 04:15:51.233] [Worker-Main-121/ERROR] [net.minecraft.world.entity.decoration.HangingEntity/]: Hanging entity at invalid position: BlockPos{x=-321, y=31, z=-307}
[12Dec2024 04:15:51.234] [Worker-Main-121/ERROR] [net.minecraft.world.entity.decoration.HangingEntity/]: Hanging entity at invalid position: BlockPos{x=-317, y=26, z=-306}
[12Dec2024 04:15:51.234] [Worker-Main-121/ERROR] [net.minecraft.world.entity.decoration.HangingEntity/]: Hanging entity at invalid position: BlockPos{x=-317, y=26, z=-307}
[12Dec2024 04:15:53.085] [Worker-Main-3/ERROR] [net.minecraft.world.entity.decoration.HangingEntity/]: Hanging entity at invalid position: BlockPos{x=-319, y=25, z=-315}
[12Dec2024 04:15:57.825] [Worker-Main-1/ERROR] [net.minecraft.world.entity.decoration.HangingEntity/]: Hanging entity at invalid position: BlockPos{x=-383, y=26, z=-338}
[12Dec2024 04:15:58.013] [Worker-Main-1/ERROR] [net.minecraft.world.entity.decoration.HangingEntity/]: Hanging entity at invalid position: BlockPos{x=-376, y=32, z=-338}
[12Dec2024 04:16:12.102] [Server thread/WARN] [net.minecraft.server.MinecraftServer/]: Can't keep up! Is the server overloaded? Running 6749ms or 134 ticks behind
[12Dec2024 04:16:12.355] [Worker-Main-1/ERROR] [net.minecraft.world.entity.decoration.HangingEntity/]: Hanging entity at invalid position: BlockPos{x=-383, y=26, z=-340}
[12Dec2024 04:16:12.435] [Worker-Main-1/ERROR] [net.minecraft.world.entity.decoration.HangingEntity/]: Hanging entity at invalid position: BlockPos{x=-376, y=31, z=-339}
[12Dec2024 04:16:12.436] [Worker-Main-1/ERROR] [net.minecraft.world.entity.decoration.HangingEntity/]: Hanging entity at invalid position: BlockPos{x=-379, y=25, z=-343}
[12Dec2024 04:16:17.719] [Worker-Main-3/ERROR] [net.minecraft.world.entity.decoration.HangingEntity/]: Hanging entity at invalid position: BlockPos{x=-323, y=31, z=-358}
[12Dec2024 04:16:17.720] [Worker-Main-3/ERROR] [net.minecraft.world.entity.decoration.HangingEntity/]: Hanging entity at invalid position: BlockPos{x=-323, y=36, z=-361}
[12Dec2024 04:16:18.251] [Worker-Main-3/ERROR] [net.minecraft.world.entity.decoration.HangingEntity/]: Hanging entity at invalid position: BlockPos{x=-206, y=31, z=-384}
[12Dec2024 04:16:18.303] [Worker-Main-3/ERROR] [net.minecraft.world.entity.decoration.HangingEntity/]: Hanging entity at invalid position: BlockPos{x=-200, y=35, z=-385}
[12Dec2024 04:16:18.303] [Worker-Main-3/ERROR] [net.minecraft.world.entity.decoration.HangingEntity/]: Hanging entity at invalid position: BlockPos{x=-203, y=33, z=-388}
[12Dec2024 04:16:18.304] [Worker-Main-3/ERROR] [net.minecraft.world.entity.decoration.HangingEntity/]: Hanging entity at invalid position: BlockPos{x=-203, y=31, z=-381}
[12Dec2024 04:16:18.304] [Worker-Main-3/ERROR] [net.minecraft.world.entity.decoration.HangingEntity/]: Hanging entity at invalid position: BlockPos{x=-204, y=31, z=-381}
[12Dec2024 04:16:18.305] [Worker-Main-3/ERROR] [net.minecraft.world.entity.decoration.HangingEntity/]: Hanging entity at invalid position: BlockPos{x=-203, y=26, z=-380}
[12Dec2024 04:16:18.305] [Worker-Main-3/ERROR] [net.minecraft.world.entity.decoration.HangingEntity/]: Hanging entity at invalid position: BlockPos{x=-204, y=26, z=-380}
[12Dec2024 04:16:18.306] [Worker-Main-3/ERROR] [net.minecraft.world.entity.decoration.HangingEntity/]: Hanging entity at invalid position: BlockPos{x=-198, y=28, z=-384}
[12Dec2024 04:16:18.306] [Worker-Main-3/ERROR] [net.minecraft.world.entity.decoration.HangingEntity/]: Hanging entity at invalid position: BlockPos{x=-202, y=28, z=-380}
[12Dec2024 04:16:18.306] [Worker-Main-3/ERROR] [net.minecraft.world.entity.decoration.HangingEntity/]: Hanging entity at invalid position: BlockPos{x=-199, y=33, z=-385}
[12Dec2024 04:16:28.792] [Server thread/INFO] [net.minecraft.server.MinecraftServer/]: 1N_ has made the advancement [Sea? Not a Problem]
[12Dec2024 04:16:30.089] [Server thread/WARN] [net.minecraft.server.MinecraftServer/]: Can't keep up! Is the server overloaded? Running 3037ms or 60 ticks behind
[12Dec2024 04:16:47.193] [Server thread/WARN] [net.minecraft.server.MinecraftServer/]: Can't keep up! Is the server overloaded? Running 2140ms or 42 ticks behind
[12Dec2024 04:16:52.866] [Server thread/INFO] [net.minecraft.world.entity.LivingEntity/]: Named entity Zombie['Corvin the Rotten'/249335, l='ServerLevel[world]', x=-4642.50, y=-8.00, z=36.50] died: Corvin the Rotten suffocated in a wall
[12Dec2024 04:18:37.317] [Server thread/WARN] [net.minecraft.server.MinecraftServer/]: Can't keep up! Is the server overloaded? Running 2015ms or 40 ticks behind
[12Dec2024 04:19:02.957] [Worker-Main-1/ERROR] [net.minecraft.world.entity.decoration.HangingEntity/]: Hanging entity at invalid position: BlockPos{x=-337, y=26, z=-417}
[12Dec2024 04:19:02.959] [Worker-Main-1/ERROR] [net.minecraft.world.entity.decoration.HangingEntity/]: Hanging entity at invalid position: BlockPos{x=-335, y=26, z=-415}
[12Dec2024 04:19:03.080] [Worker-Main-1/ERROR] [net.minecraft.world.entity.decoration.HangingEntity/]: Hanging entity at invalid position: BlockPos{x=-326, y=31, z=-331}
[12Dec2024 04:19:03.082] [Worker-Main-1/ERROR] [net.minecraft.world.entity.decoration.HangingEntity/]: Hanging entity at invalid position: BlockPos{x=-376, y=31, z=-419}
[12Dec2024 04:19:03.197] [Worker-Main-121/ERROR] [net.minecraft.world.entity.decoration.HangingEntity/]: Hanging entity at invalid position: BlockPos{x=-326, y=31, z=-339}
[12Dec2024 04:19:03.197] [Worker-Main-121/ERROR] [net.minecraft.world.entity.decoration.HangingEntity/]: Hanging entity at invalid position: BlockPos{x=-325, y=31, z=-339}
[12Dec2024 04:19:03.197] [Worker-Main-121/ERROR] [net.minecraft.world.entity.decoration.HangingEntity/]: Hanging entity at invalid position: BlockPos{x=-322, y=26, z=-337}
[12Dec2024 04:19:03.197] [Worker-Main-121/ERROR] [net.minecraft.world.entity.decoration.HangingEntity/]: Hanging entity at invalid position: BlockPos{x=-327, y=25, z=-340}
[12Dec2024 04:19:03.197] [Worker-Main-121/ERROR] [net.minecraft.world.entity.decoration.HangingEntity/]: Hanging entity at invalid position: BlockPos{x=-319, y=26, z=-339}
[12Dec2024 04:19:03.198] [Worker-Main-121/ERROR] [net.minecraft.world.entity.decoration.HangingEntity/]: Hanging entity at invalid position: BlockPos{x=-320, y=25, z=-336}
[12Dec2024 04:19:03.198] [Worker-Main-121/ERROR] [net.minecraft.world.entity.decoration.HangingEntity/]: Hanging entity at invalid position: BlockPos{x=-319, y=25, z=-336}
[12Dec2024 04:19:08.770] [Server thread/INFO] [net.minecraft.server.MinecraftServer/]: LastFist was exterminated by Deepling Warlock 's laser
[12Dec2024 04:19:08.827] [Server thread/INFO] [tombstone/]: The player LastFist has successfully been saved
[12Dec2024 04:19:21.908] [Server thread/WARN] [net.minecraft.server.level.ServerPlayerGameMode/]: Mismatch in destroy block pos: BlockPos{x=-4542, y=20, z=75} BlockPos{x=-4542, y=19, z=75}
[12Dec2024 04:19:29.429] [Server thread/INFO] [net.minecraft.world.entity.LivingEntity/]: Named entity Drowned['Sargent the Soaked'/249185, l='ServerLevel[world]', x=-4530.21, y=22.31, z=76.73] died: Sargent the Soaked was shot by LastFist
[12Dec2024 04:20:34.664] [Server thread/INFO] [net.minecraft.server.MinecraftServer/]: [LastFist: Teleported PamelaG to LastFist]
[12Dec2024 04:20:34.748] [Server thread/INFO] [net.minecraft.server.MinecraftServer/]: PamelaG has made the advancement [Sunken City]
[12Dec2024 04:23:33.111] [Worker-Main-3/ERROR] [net.minecraft.world.entity.decoration.HangingEntity/]: Hanging entity at invalid position: BlockPos{x=-227, y=26, z=-385}
[12Dec2024 04:23:33.112] [Worker-Main-3/ERROR] [net.minecraft.world.entity.decoration.HangingEntity/]: Hanging entity at invalid position: BlockPos{x=-223, y=26, z=-385}
[12Dec2024 04:23:33.556] [Server thread/INFO] [net.minecraft.world.entity.npc.Villager/]: Villager Villager['Beekeeper'/258606, l='ServerLevel[world]', x=-4751.61, y=62.15, z=-129.84] died, message: 'Beekeeper was slain by Crocodile'
[12Dec2024 04:23:34.108] [Server thread/WARN] [net.minecraft.world.level.entity.PersistentEntitySectionManager/]: UUID of added entity already exists: FallingBlockEntity['Falling Hanging Coconut'/259211, l='ServerLevel[world]', x=-4669.50, y=71.00, z=-18.50]
[12Dec2024 04:24:20.556] [Server thread/WARN] [net.minecraft.world.level.entity.PersistentEntitySectionManager/]: UUID of added entity already exists: FallingBlockEntity['Falling Hanging Coconut'/259396, l='ServerLevel[world]', x=-4675.50, y=78.00, z=-44.50]
[12Dec2024 04:24:53.757] [Server thread/WARN] [net.minecraft.world.level.entity.PersistentEntitySectionManager/]: UUID of added entity already exists: FallingBlockEntity['Falling Hanging Coconut'/259496, l='ServerLevel[world]', x=-4676.50, y=70.00, z=-27.50]
[12Dec2024 04:26:03.460] [VoiceChatPacketProcessingThread/INFO] [voicechat/]: [voicechat] Player 8918f011-ec17-38f1-8011-e3f2a176466a timed out
[12Dec2024 04:26:03.461] [VoiceChatPacketProcessingThread/INFO] [voicechat/]: [voicechat] Reconnecting player PamelaG
[12Dec2024 04:26:03.461] [VoiceChatPacketProcessingThread/INFO] [voicechat/]: [voicechat] Sent secret to PamelaG
[12Dec2024 04:26:03.462] [VoiceChatPacketProcessingThread/INFO] [voicechat/]: [voicechat] Player 8466501c-f8f3-35f2-92c7-a3def4cf8e34 timed out
[12Dec2024 04:26:03.462] [VoiceChatPacketProcessingThread/INFO] [voicechat/]: [voicechat] Reconnecting player 1N_
[12Dec2024 04:26:03.462] [VoiceChatPacketProcessingThread/INFO] [voicechat/]: [voicechat] Sent secret to 1N_
[12Dec2024 04:26:03.463] [VoiceChatPacketProcessingThread/INFO] [voicechat/]: [voicechat] Player 6b21e182-7631-3fbc-8f23-4ba195d9581f timed out
[12Dec2024 04:26:03.463] [VoiceChatPacketProcessingThread/INFO] [voicechat/]: [voicechat] Reconnecting player LastFist
[12Dec2024 04:26:03.463] [VoiceChatPacketProcessingThread/INFO] [voicechat/]: [voicechat] Sent secret to LastFist
[12Dec2024 04:26:22.553] [Server Watchdog/ERROR] [net.minecraft.server.dedicated.ServerWatchdog/FATAL]: A single server tick took 60.00 seconds (should be max 0.05)
[12Dec2024 04:26:22.553] [Server Watchdog/ERROR] [net.minecraft.server.dedicated.ServerWatchdog/FATAL]: Considering it to be crashed, server will forcibly shutdown.
[12Dec2024 04:26:22.912] [Server Watchdog/FATAL] [net.minecraftforge.common.ForgeMod/]: Preparing crash report with UUID b43e5d4c-00d3-4a89-9f05-dad2ec9bd0f5
[12Dec2024 04:26:22.937] [Server Watchdog/FATAL] [net.minecraftforge.common.ForgeMod/]: Preparing crash report with UUID 6f876d1f-2be8-4b58-9c3d-3aee960e55d5
[12Dec2024 04:26:22.939] [Server Watchdog/ERROR] [net.minecraft.server.dedicated.ServerWatchdog/]: This crash report has been saved to: /workspaces/servermc-3/servidor_minecraft/./crash-reports/crash-2024-12-12_04.26.22-server.txt
